
> mettamodeler@0.0.0 dev
> vite


  VITE v5.4.19  ready in 98 ms

  ➜  Local:   http://localhost:5173/
  ➜  Network: use --host to expose
10:37:31 PM [vite] http proxy error: /api/user
AggregateError [ECONNREFUSED]: 
    at internalConnectMultiple (node:net:1139:18)
    at afterConnectMultiple (node:net:1714:7)
10:37:36 PM [vite] http proxy error: /api/register
AggregateError [ECONNREFUSED]: 
    at internalConnectMultiple (node:net:1139:18)
    at afterConnectMultiple (node:net:1714:7)
10:43:19 PM [vite] hmr update /src/components/scenario/ScenarioComparison.tsx, /src/index.css
10:44:58 PM [vite] hmr update /src/components/scenario/ScenarioComparison.tsx, /src/index.css
10:46:30 PM [vite] hmr update /src/components/scenario/ScenarioComparison.tsx, /src/index.css
10:51:00 PM [vite] hmr update /src/components/layout/AppHeader.tsx, /src/index.css
10:51:37 PM [vite] hmr update /src/components/layout/AppHeader.tsx, /src/index.css
10:53:05 PM [vite] hmr update /src/components/layout/AppHeader.tsx, /src/index.css
10:54:15 PM [vite] hmr update /src/components/layout/AppHeader.tsx, /src/index.css
10:55:29 PM [vite] hmr update /src/components/layout/AppHeader.tsx, /src/index.css
10:41:41 AM [vite] hmr update /src/components/fcm/FCMEditor.tsx, /src/index.css
10:41:53 AM [vite] hmr update /src/index.css, /src/components/simulation/SimulationPanel.tsx, /src/components/scenario/ScenarioManager.tsx, /src/components/scenario/ScenarioComparison.tsx
10:41:53 AM [vite] hmr invalidate /src/components/scenario/ScenarioManager.tsx Could not Fast Refresh ("validateInitialValues" export is incompatible). Learn more at https://github.com/vitejs/vite-plugin-react/tree/main/packages/plugin-react#consistent-components-exports
10:41:53 AM [vite] hmr update /src/index.css, /src/pages/ModelEditor.tsx
10:47:55 AM [vite] hmr update /src/components/fcm/FCMEditor.tsx, /src/index.css
11:32:52 AM [vite] hmr update /src/index.css, /src/components/simulation/SimulationPanel.tsx, /src/components/scenario/ScenarioManager.tsx, /src/components/scenario/ScenarioComparison.tsx
11:32:52 AM [vite] hmr invalidate /src/components/scenario/ScenarioManager.tsx Could not Fast Refresh ("validateInitialValues" export is incompatible). Learn more at https://github.com/vitejs/vite-plugin-react/tree/main/packages/plugin-react#consistent-components-exports
11:32:52 AM [vite] hmr update /src/index.css, /src/pages/ModelEditor.tsx
11:45:10 AM [vite] hmr update /src/components/scenario/ScenarioManager.tsx, /src/index.css
11:45:10 AM [vite] hmr invalidate /src/components/scenario/ScenarioManager.tsx Could not Fast Refresh ("validateInitialValues" export is incompatible). Learn more at https://github.com/vitejs/vite-plugin-react/tree/main/packages/plugin-react#consistent-components-exports
11:45:10 AM [vite] hmr update /src/index.css, /src/pages/ModelEditor.tsx
11:50:00 AM [vite] hmr update /src/components/scenario/ScenarioManager.tsx, /src/index.css
11:50:00 AM [vite] hmr invalidate /src/components/scenario/ScenarioManager.tsx Could not Fast Refresh ("validateInitialValues" export is incompatible). Learn more at https://github.com/vitejs/vite-plugin-react/tree/main/packages/plugin-react#consistent-components-exports
11:50:00 AM [vite] hmr update /src/index.css, /src/pages/ModelEditor.tsx
11:58:39 AM [vite] hmr update /src/components/scenario/ScenarioManager.tsx, /src/index.css
11:58:39 AM [vite] hmr invalidate /src/components/scenario/ScenarioManager.tsx Could not Fast Refresh ("validateInitialValues" export is incompatible). Learn more at https://github.com/vitejs/vite-plugin-react/tree/main/packages/plugin-react#consistent-components-exports
11:58:39 AM [vite] hmr update /src/index.css, /src/pages/ModelEditor.tsx
11:59:46 AM [vite] hmr update /src/components/scenario/ScenarioManager.tsx, /src/index.css
11:59:47 AM [vite] hmr invalidate /src/components/scenario/ScenarioManager.tsx Could not Fast Refresh ("validateInitialValues" export is incompatible). Learn more at https://github.com/vitejs/vite-plugin-react/tree/main/packages/plugin-react#consistent-components-exports
11:59:47 AM [vite] hmr update /src/index.css, /src/pages/ModelEditor.tsx
12:00:48 PM [vite] hmr update /src/components/scenario/ScenarioManager.tsx, /src/index.css
12:00:48 PM [vite] hmr invalidate /src/components/scenario/ScenarioManager.tsx Could not Fast Refresh ("validateInitialValues" export is incompatible). Learn more at https://github.com/vitejs/vite-plugin-react/tree/main/packages/plugin-react#consistent-components-exports
12:00:48 PM [vite] hmr update /src/index.css, /src/pages/ModelEditor.tsx
12:01:06 PM [vite] hmr update /src/index.css, /src/components/simulation/SimulationPanel.tsx, /src/components/scenario/ScenarioManager.tsx, /src/components/scenario/ScenarioComparison.tsx
12:01:06 PM [vite] hmr invalidate /src/components/scenario/ScenarioManager.tsx Could not Fast Refresh ("validateInitialValues" export is incompatible). Learn more at https://github.com/vitejs/vite-plugin-react/tree/main/packages/plugin-react#consistent-components-exports
12:01:06 PM [vite] hmr update /src/index.css, /src/pages/ModelEditor.tsx
12:01:12 PM [vite] hmr update /src/components/scenario/ScenarioManager.tsx, /src/index.css
12:01:12 PM [vite] hmr invalidate /src/components/scenario/ScenarioManager.tsx Could not Fast Refresh ("validateInitialValues" export is incompatible). Learn more at https://github.com/vitejs/vite-plugin-react/tree/main/packages/plugin-react#consistent-components-exports
12:01:12 PM [vite] hmr update /src/index.css, /src/pages/ModelEditor.tsx
